{"D:\\my-projects\\node-express-api\\config\\config.service.ts": {"path":"D:\\my-projects\\node-express-api\\config\\config.service.ts","statementMap":{"0":{"start":{"line":2,"column":0},"end":{"line":2,"column":71}},"1":{"start":{"line":3,"column":0},"end":{"line":3,"column":47}},"2":{"start":{"line":4,"column":0},"end":{"line":4,"column":37}},"3":{"start":{"line":8,"column":0},"end":{"line":24,"column":null}},"4":{"start":{"line":11,"column":44},"end":{"line":11,"column":59}},"5":{"start":{"line":12,"column":37},"end":{"line":12,"column":45}},"6":{"start":{"line":13,"column":2},"end":{"line":18,"column":null}},"7":{"start":{"line":14,"column":3},"end":{"line":14,"column":90}},"8":{"start":{"line":16,"column":3},"end":{"line":16,"column":66}},"9":{"start":{"line":17,"column":3},"end":{"line":17,"column":52}},"10":{"start":{"line":22,"column":2},"end":{"line":22,"column":26}},"11":{"start":{"line":8,"column":13},"end":{"line":24,"column":null}},"12":{"start":{"line":8,"column":13},"end":{"line":8,"column":26}}},"fnMap":{"0":{"name":"(anonymous_4)","decl":{"start":{"line":11,"column":1},"end":{"line":11,"column":14}},"loc":{"start":{"line":11,"column":59},"end":{"line":19,"column":2}}},"1":{"name":"(anonymous_5)","decl":{"start":{"line":21,"column":1},"end":{"line":21,"column":4}},"loc":{"start":{"line":21,"column":16},"end":{"line":23,"column":2}}}},"branchMap":{"0":{"loc":{"start":{"line":13,"column":2},"end":{"line":18,"column":null}},"type":"if","locations":[{"start":{"line":13,"column":2},"end":{"line":18,"column":null}},{"start":{"line":15,"column":9},"end":{"line":18,"column":null}}]}},"s":{"0":1,"1":1,"2":1,"3":1,"4":1,"5":1,"6":1,"7":0,"8":1,"9":1,"10":1,"11":1,"12":1},"f":{"0":1,"1":1},"b":{"0":[0,1]}}
,"D:\\my-projects\\node-express-api\\src\\app.ts": {"path":"D:\\my-projects\\node-express-api\\src\\app.ts","statementMap":{"0":{"start":{"line":3,"column":0},"end":{"line":3,"column":43}},"1":{"start":{"line":5,"column":0},"end":{"line":5,"column":58}},"2":{"start":{"line":6,"column":0},"end":{"line":6,"column":47}},"3":{"start":{"line":7,"column":0},"end":{"line":7,"column":32}},"4":{"start":{"line":8,"column":0},"end":{"line":8,"column":26}},"5":{"start":{"line":9,"column":0},"end":{"line":9,"column":35}},"6":{"start":{"line":11,"column":0},"end":{"line":11,"column":65}},"7":{"start":{"line":12,"column":0},"end":{"line":12,"column":58}},"8":{"start":{"line":15,"column":0},"end":{"line":57,"column":null}},"9":{"start":{"line":21,"column":33},"end":{"line":21,"column":48}},"10":{"start":{"line":22,"column":40},"end":{"line":22,"column":56}},"11":{"start":{"line":23,"column":41},"end":{"line":23,"column":74}},"12":{"start":{"line":24,"column":39},"end":{"line":24,"column":68}},"13":{"start":{"line":25,"column":39},"end":{"line":25,"column":54}},"14":{"start":{"line":27,"column":2},"end":{"line":27,"column":23}},"15":{"start":{"line":28,"column":2},"end":{"line":28,"column":19}},"16":{"start":{"line":32,"column":2},"end":{"line":32,"column":23}},"17":{"start":{"line":33,"column":25},"end":{"line":33,"column":77}},"18":{"start":{"line":34,"column":2},"end":{"line":34,"column":60}},"19":{"start":{"line":38,"column":2},"end":{"line":38,"column":53}},"20":{"start":{"line":42,"column":2},"end":{"line":42,"column":70}},"21":{"start":{"line":46,"column":2},"end":{"line":46,"column":23}},"22":{"start":{"line":47,"column":2},"end":{"line":47,"column":19}},"23":{"start":{"line":48,"column":2},"end":{"line":48,"column":29}},"24":{"start":{"line":49,"column":2},"end":{"line":49,"column":37}},"25":{"start":{"line":50,"column":2},"end":{"line":50,"column":43}},"26":{"start":{"line":51,"column":2},"end":{"line":51,"column":69}},"27":{"start":{"line":55,"column":2},"end":{"line":55,"column":22}},"28":{"start":{"line":15,"column":13},"end":{"line":57,"column":null}},"29":{"start":{"line":15,"column":13},"end":{"line":15,"column":16}}},"fnMap":{"0":{"name":"(anonymous_12)","decl":{"start":{"line":20,"column":1},"end":{"line":20,"column":null}},"loc":{"start":{"line":25,"column":67},"end":{"line":29,"column":2}}},"1":{"name":"(anonymous_13)","decl":{"start":{"line":31,"column":1},"end":{"line":31,"column":14}},"loc":{"start":{"line":31,"column":14},"end":{"line":35,"column":2}}},"2":{"name":"(anonymous_14)","decl":{"start":{"line":37,"column":1},"end":{"line":37,"column":10}},"loc":{"start":{"line":37,"column":10},"end":{"line":39,"column":2}}},"3":{"name":"(anonymous_15)","decl":{"start":{"line":41,"column":1},"end":{"line":41,"column":20}},"loc":{"start":{"line":41,"column":20},"end":{"line":43,"column":2}}},"4":{"name":"(anonymous_16)","decl":{"start":{"line":45,"column":14},"end":{"line":45,"column":18}},"loc":{"start":{"line":45,"column":18},"end":{"line":52,"column":null}}},"5":{"name":"(anonymous_18)","decl":{"start":{"line":54,"column":8},"end":{"line":54,"column":13}},"loc":{"start":{"line":54,"column":13},"end":{"line":56,"column":2}}}},"branchMap":{},"s":{"0":1,"1":1,"2":1,"3":1,"4":1,"5":1,"6":1,"7":1,"8":1,"9":1,"10":1,"11":1,"12":1,"13":1,"14":1,"15":1,"16":1,"17":1,"18":1,"19":1,"20":1,"21":1,"22":1,"23":1,"24":1,"25":1,"26":1,"27":1,"28":1,"29":1},"f":{"0":1,"1":1,"2":1,"3":1,"4":1,"5":1},"b":{}}
,"D:\\my-projects\\node-express-api\\src\\main.ts": {"path":"D:\\my-projects\\node-express-api\\src\\main.ts","statementMap":{"0":{"start":{"line":3,"column":0},"end":{"line":3,"column":67}},"1":{"start":{"line":4,"column":0},"end":{"line":4,"column":28}},"2":{"start":{"line":5,"column":0},"end":{"line":5,"column":60}},"3":{"start":{"line":6,"column":0},"end":{"line":6,"column":56}},"4":{"start":{"line":7,"column":0},"end":{"line":7,"column":58}},"5":{"start":{"line":8,"column":0},"end":{"line":8,"column":32}},"6":{"start":{"line":10,"column":0},"end":{"line":10,"column":26}},"7":{"start":{"line":12,"column":0},"end":{"line":12,"column":52}},"8":{"start":{"line":14,"column":0},"end":{"line":14,"column":57}},"9":{"start":{"line":15,"column":0},"end":{"line":15,"column":65}},"10":{"start":{"line":17,"column":0},"end":{"line":17,"column":59}},"11":{"start":{"line":24,"column":13},"end":{"line":33,"column":3}},"12":{"start":{"line":25,"column":1},"end":{"line":25,"column":67}},"13":{"start":{"line":26,"column":1},"end":{"line":26,"column":67}},"14":{"start":{"line":27,"column":1},"end":{"line":27,"column":64}},"15":{"start":{"line":28,"column":1},"end":{"line":28,"column":80}},"16":{"start":{"line":29,"column":1},"end":{"line":29,"column":55}},"17":{"start":{"line":30,"column":1},"end":{"line":30,"column":79}},"18":{"start":{"line":31,"column":1},"end":{"line":31,"column":86}},"19":{"start":{"line":32,"column":1},"end":{"line":32,"column":38}},"20":{"start":{"line":36,"column":22},"end":{"line":36,"column":37}},"21":{"start":{"line":37,"column":1},"end":{"line":37,"column":32}},"22":{"start":{"line":38,"column":13},"end":{"line":38,"column":53}},"23":{"start":{"line":39,"column":1},"end":{"line":39,"column":18}},"24":{"start":{"line":40,"column":1},"end":{"line":40,"column":30}},"25":{"start":{"line":43,"column":13},"end":{"line":43,"column":32}}},"fnMap":{"0":{"name":"(anonymous_7)","decl":{"start":{"line":24,"column":47},"end":{"line":24,"column":48}},"loc":{"start":{"line":24,"column":73},"end":{"line":33,"column":1}}},"1":{"name":"bootstrap","decl":{"start":{"line":35,"column":15},"end":{"line":35,"column":24}},"loc":{"start":{"line":35,"column":24},"end":{"line":41,"column":null}}}},"branchMap":{},"s":{"0":1,"1":1,"2":1,"3":1,"4":1,"5":1,"6":1,"7":1,"8":1,"9":1,"10":1,"11":1,"12":1,"13":1,"14":1,"15":1,"16":1,"17":1,"18":1,"19":1,"20":1,"21":1,"22":1,"23":1,"24":1,"25":1},"f":{"0":1,"1":1},"b":{}}
,"D:\\my-projects\\node-express-api\\src\\types.ts": {"path":"D:\\my-projects\\node-express-api\\src\\types.ts","statementMap":{"0":{"start":{"line":1,"column":13},"end":{"line":10,"column":2}}},"fnMap":{},"branchMap":{},"s":{"0":1},"f":{},"b":{}}
,"D:\\my-projects\\node-express-api\\src\\common\\auth.guard.ts": {"path":"D:\\my-projects\\node-express-api\\src\\common\\auth.guard.ts","statementMap":{"0":{"start":{"line":6,"column":2},"end":{"line":8,"column":null}},"1":{"start":{"line":7,"column":3},"end":{"line":7,"column":17}},"2":{"start":{"line":9,"column":2},"end":{"line":9,"column":56}},"3":{"start":{"line":4,"column":0},"end":{"line":4,"column":13}}},"fnMap":{"0":{"name":"(anonymous_0)","decl":{"start":{"line":5,"column":1},"end":{"line":5,"column":8}},"loc":{"start":{"line":5,"column":56},"end":{"line":10,"column":2}}}},"branchMap":{"0":{"loc":{"start":{"line":6,"column":2},"end":{"line":8,"column":null}},"type":"if","locations":[{"start":{"line":6,"column":2},"end":{"line":8,"column":null}}]}},"s":{"0":2,"1":0,"2":2,"3":1},"f":{"0":2},"b":{"0":[0]}}
,"D:\\my-projects\\node-express-api\\src\\common\\auth.middleware.ts": {"path":"D:\\my-projects\\node-express-api\\src\\common\\auth.middleware.ts","statementMap":{"0":{"start":{"line":2,"column":0},"end":{"line":2,"column":38}},"1":{"start":{"line":6,"column":21},"end":{"line":6,"column":35}},"2":{"start":{"line":8,"column":2},"end":{"line":19,"column":null}},"3":{"start":{"line":9,"column":3},"end":{"line":16,"column":6}},"4":{"start":{"line":10,"column":4},"end":{"line":15,"column":null}},"5":{"start":{"line":11,"column":5},"end":{"line":11,"column":12}},"6":{"start":{"line":12,"column":11},"end":{"line":15,"column":null}},"7":{"start":{"line":13,"column":5},"end":{"line":13,"column":30}},"8":{"start":{"line":14,"column":5},"end":{"line":14,"column":12}},"9":{"start":{"line":18,"column":3},"end":{"line":18,"column":10}},"10":{"start":{"line":5,"column":0},"end":{"line":5,"column":13}}},"fnMap":{"0":{"name":"(anonymous_0)","decl":{"start":{"line":6,"column":1},"end":{"line":6,"column":21}},"loc":{"start":{"line":6,"column":35},"end":{"line":6,"column":39}}},"1":{"name":"(anonymous_1)","decl":{"start":{"line":7,"column":1},"end":{"line":7,"column":8}},"loc":{"start":{"line":7,"column":56},"end":{"line":20,"column":2}}},"2":{"name":"(anonymous_2)","decl":{"start":{"line":9,"column":64},"end":{"line":9,"column":65}},"loc":{"start":{"line":9,"column":81},"end":{"line":16,"column":4}}}},"branchMap":{"0":{"loc":{"start":{"line":8,"column":2},"end":{"line":19,"column":null}},"type":"if","locations":[{"start":{"line":8,"column":2},"end":{"line":19,"column":null}},{"start":{"line":17,"column":9},"end":{"line":19,"column":null}}]},"1":{"loc":{"start":{"line":10,"column":4},"end":{"line":15,"column":null}},"type":"if","locations":[{"start":{"line":10,"column":4},"end":{"line":15,"column":null}},{"start":{"line":12,"column":11},"end":{"line":15,"column":null}}]},"2":{"loc":{"start":{"line":12,"column":11},"end":{"line":15,"column":null}},"type":"if","locations":[{"start":{"line":12,"column":11},"end":{"line":15,"column":null}}]},"3":{"loc":{"start":{"line":12,"column":15},"end":{"line":12,"column":53}},"type":"binary-expr","locations":[{"start":{"line":12,"column":15},"end":{"line":12,"column":22}},{"start":{"line":12,"column":26},"end":{"line":12,"column":53}}]}},"s":{"0":1,"1":1,"2":6,"3":2,"4":2,"5":2,"6":0,"7":0,"8":0,"9":4,"10":1},"f":{"0":1,"1":6,"2":2},"b":{"0":[2,4],"1":[2,0],"2":[0],"3":[0,0]}}
,"D:\\my-projects\\node-express-api\\src\\common\\base.controller.ts": {"path":"D:\\my-projects\\node-express-api\\src\\common\\base.controller.ts","statementMap":{"0":{"start":{"line":2,"column":0},"end":{"line":2,"column":43}},"1":{"start":{"line":4,"column":0},"end":{"line":4,"column":39}},"2":{"start":{"line":5,"column":0},"end":{"line":5,"column":9}},"3":{"start":{"line":5,"column":9},"end":{"line":5,"column":33}},"4":{"start":{"line":6,"column":0},"end":{"line":6,"column":26}},"5":{"start":{"line":9,"column":0},"end":{"line":42,"column":null}},"6":{"start":{"line":12,"column":21},"end":{"line":12,"column":36}},"7":{"start":{"line":13,"column":2},"end":{"line":13,"column":26}},"8":{"start":{"line":17,"column":2},"end":{"line":17,"column":22}},"9":{"start":{"line":21,"column":2},"end":{"line":21,"column":31}},"10":{"start":{"line":22,"column":2},"end":{"line":22,"column":40}},"11":{"start":{"line":26,"column":2},"end":{"line":26,"column":41}},"12":{"start":{"line":30,"column":2},"end":{"line":30,"column":29}},"13":{"start":{"line":34,"column":2},"end":{"line":40,"column":null}},"14":{"start":{"line":35,"column":3},"end":{"line":35,"column":54}},"15":{"start":{"line":36,"column":22},"end":{"line":36,"column":70}},"16":{"start":{"line":36,"column":52},"end":{"line":36,"column":69}},"17":{"start":{"line":37,"column":19},"end":{"line":37,"column":40}},"18":{"start":{"line":38,"column":20},"end":{"line":38,"column":67}},"19":{"start":{"line":39,"column":3},"end":{"line":39,"column":51}},"20":{"start":{"line":9,"column":22},"end":{"line":42,"column":null}},"21":{"start":{"line":9,"column":22},"end":{"line":9,"column":36}}},"fnMap":{"0":{"name":"(anonymous_2)","decl":{"start":{"line":5,"column":9},"end":{"line":5,"column":15}},"loc":{"start":{"line":5,"column":9},"end":{"line":5,"column":33}}},"1":{"name":"(anonymous_3)","decl":{"start":{"line":12,"column":1},"end":{"line":12,"column":21}},"loc":{"start":{"line":12,"column":36},"end":{"line":14,"column":2}}},"2":{"name":"(anonymous_4)","decl":{"start":{"line":16,"column":1},"end":{"line":16,"column":5}},"loc":{"start":{"line":16,"column":11},"end":{"line":18,"column":2}}},"3":{"name":"(anonymous_5)","decl":{"start":{"line":20,"column":8},"end":{"line":20,"column":12}},"loc":{"start":{"line":20,"column":55},"end":{"line":23,"column":2}}},"4":{"name":"(anonymous_6)","decl":{"start":{"line":25,"column":8},"end":{"line":25,"column":10}},"loc":{"start":{"line":25,"column":39},"end":{"line":27,"column":2}}},"5":{"name":"(anonymous_7)","decl":{"start":{"line":29,"column":8},"end":{"line":29,"column":15}},"loc":{"start":{"line":29,"column":29},"end":{"line":31,"column":2}}},"6":{"name":"(anonymous_8)","decl":{"start":{"line":33,"column":11},"end":{"line":33,"column":21}},"loc":{"start":{"line":33,"column":48},"end":{"line":41,"column":2}}},"7":{"name":"(anonymous_9)","decl":{"start":{"line":36,"column":45},"end":{"line":36,"column":46}},"loc":{"start":{"line":36,"column":52},"end":{"line":36,"column":69}}}},"branchMap":{"0":{"loc":{"start":{"line":36,"column":22},"end":{"line":36,"column":70}},"type":"cond-expr","locations":[{"start":{"line":36,"column":39},"end":{"line":36,"column":41}},{"start":{"line":36,"column":39},"end":{"line":36,"column":70}}]},"1":{"loc":{"start":{"line":36,"column":22},"end":{"line":36,"column":41}},"type":"binary-expr","locations":[{"start":{"line":36,"column":22},"end":{"line":36,"column":41}},{"start":{"line":36,"column":39},"end":{"line":36,"column":41}}]},"2":{"loc":{"start":{"line":38,"column":20},"end":{"line":38,"column":67}},"type":"cond-expr","locations":[{"start":{"line":38,"column":33},"end":{"line":38,"column":57}},{"start":{"line":38,"column":60},"end":{"line":38,"column":67}}]}},"s":{"0":1,"1":1,"2":1,"3":1,"4":1,"5":1,"6":1,"7":1,"8":4,"9":0,"10":0,"11":0,"12":0,"13":1,"14":3,"15":3,"16":3,"17":3,"18":3,"19":3,"20":1,"21":1},"f":{"0":0,"1":1,"2":4,"3":0,"4":0,"5":0,"6":1,"7":3},"b":{"0":[0,3],"1":[3,3],"2":[3,0]}}
,"D:\\my-projects\\node-express-api\\src\\common\\validate.middleware.ts": {"path":"D:\\my-projects\\node-express-api\\src\\common\\validate.middleware.ts","statementMap":{"0":{"start":{"line":3,"column":0},"end":{"line":3,"column":67}},"1":{"start":{"line":4,"column":0},"end":{"line":4,"column":43}},"2":{"start":{"line":7,"column":21},"end":{"line":7,"column":62}},"3":{"start":{"line":10,"column":19},"end":{"line":10,"column":59}},"4":{"start":{"line":11,"column":2},"end":{"line":17,"column":5}},"5":{"start":{"line":12,"column":3},"end":{"line":16,"column":null}},"6":{"start":{"line":13,"column":4},"end":{"line":13,"column":33}},"7":{"start":{"line":15,"column":4},"end":{"line":15,"column":11}},"8":{"start":{"line":6,"column":0},"end":{"line":6,"column":13}}},"fnMap":{"0":{"name":"(anonymous_0)","decl":{"start":{"line":7,"column":1},"end":{"line":7,"column":21}},"loc":{"start":{"line":7,"column":62},"end":{"line":7,"column":66}}},"1":{"name":"(anonymous_1)","decl":{"start":{"line":9,"column":1},"end":{"line":9,"column":8}},"loc":{"start":{"line":9,"column":61},"end":{"line":18,"column":2}}},"2":{"name":"(anonymous_2)","decl":{"start":{"line":11,"column":26},"end":{"line":11,"column":27}},"loc":{"start":{"line":11,"column":37},"end":{"line":17,"column":3}}}},"branchMap":{"0":{"loc":{"start":{"line":12,"column":3},"end":{"line":16,"column":null}},"type":"if","locations":[{"start":{"line":12,"column":3},"end":{"line":16,"column":null}},{"start":{"line":14,"column":10},"end":{"line":16,"column":null}}]}},"s":{"0":1,"1":1,"2":2,"3":4,"4":4,"5":4,"6":1,"7":3,"8":1},"f":{"0":2,"1":4,"2":4},"b":{"0":[1,3]}}
,"D:\\my-projects\\node-express-api\\src\\common\\database\\prisma.service.ts": {"path":"D:\\my-projects\\node-express-api\\src\\common\\database\\prisma.service.ts","statementMap":{"0":{"start":{"line":1,"column":0},"end":{"line":1,"column":57}},"1":{"start":{"line":2,"column":0},"end":{"line":2,"column":47}},"2":{"start":{"line":4,"column":0},"end":{"line":4,"column":36}},"3":{"start":{"line":7,"column":0},"end":{"line":28,"column":null}},"4":{"start":{"line":10,"column":44},"end":{"line":10,"column":59}},"5":{"start":{"line":11,"column":2},"end":{"line":11,"column":35}},"6":{"start":{"line":15,"column":2},"end":{"line":22,"column":null}},"7":{"start":{"line":16,"column":3},"end":{"line":16,"column":32}},"8":{"start":{"line":17,"column":3},"end":{"line":17,"column":73}},"9":{"start":{"line":19,"column":3},"end":{"line":21,"column":null}},"10":{"start":{"line":20,"column":4},"end":{"line":20,"column":84}},"11":{"start":{"line":26,"column":2},"end":{"line":26,"column":34}},"12":{"start":{"line":7,"column":13},"end":{"line":28,"column":null}},"13":{"start":{"line":7,"column":13},"end":{"line":7,"column":26}}},"fnMap":{"0":{"name":"(anonymous_11)","decl":{"start":{"line":10,"column":1},"end":{"line":10,"column":14}},"loc":{"start":{"line":10,"column":59},"end":{"line":12,"column":2}}},"1":{"name":"(anonymous_12)","decl":{"start":{"line":14,"column":7},"end":{"line":14,"column":14}},"loc":{"start":{"line":14,"column":14},"end":{"line":23,"column":null}}},"2":{"name":"(anonymous_14)","decl":{"start":{"line":25,"column":7},"end":{"line":25,"column":17}},"loc":{"start":{"line":25,"column":17},"end":{"line":27,"column":null}}}},"branchMap":{"0":{"loc":{"start":{"line":19,"column":3},"end":{"line":21,"column":null}},"type":"if","locations":[{"start":{"line":19,"column":3},"end":{"line":21,"column":null}}]}},"s":{"0":1,"1":1,"2":1,"3":1,"4":1,"5":1,"6":1,"7":1,"8":1,"9":0,"10":0,"11":0,"12":1,"13":1},"f":{"0":1,"1":1,"2":0},"b":{"0":[0]}}
,"D:\\my-projects\\node-express-api\\src\\errors\\exception.filter.ts": {"path":"D:\\my-projects\\node-express-api\\src\\errors\\exception.filter.ts","statementMap":{"0":{"start":{"line":2,"column":0},"end":{"line":2,"column":41}},"1":{"start":{"line":5,"column":0},"end":{"line":5,"column":47}},"2":{"start":{"line":6,"column":0},"end":{"line":6,"column":33}},"3":{"start":{"line":7,"column":0},"end":{"line":7,"column":26}},"4":{"start":{"line":10,"column":0},"end":{"line":22,"column":null}},"5":{"start":{"line":11,"column":44},"end":{"line":11,"column":59}},"6":{"start":{"line":14,"column":2},"end":{"line":20,"column":null}},"7":{"start":{"line":15,"column":3},"end":{"line":15,"column":83}},"8":{"start":{"line":16,"column":3},"end":{"line":16,"column":57}},"9":{"start":{"line":18,"column":3},"end":{"line":18,"column":39}},"10":{"start":{"line":19,"column":3},"end":{"line":19,"column":46}},"11":{"start":{"line":10,"column":13},"end":{"line":22,"column":null}},"12":{"start":{"line":10,"column":13},"end":{"line":10,"column":28}}},"fnMap":{"0":{"name":"(anonymous_4)","decl":{"start":{"line":11,"column":1},"end":{"line":11,"column":14}},"loc":{"start":{"line":11,"column":59},"end":{"line":11,"column":63}}},"1":{"name":"(anonymous_5)","decl":{"start":{"line":13,"column":1},"end":{"line":13,"column":6}},"loc":{"start":{"line":13,"column":78},"end":{"line":21,"column":2}}}},"branchMap":{"0":{"loc":{"start":{"line":14,"column":2},"end":{"line":20,"column":null}},"type":"if","locations":[{"start":{"line":14,"column":2},"end":{"line":20,"column":null}},{"start":{"line":17,"column":9},"end":{"line":20,"column":null}}]}},"s":{"0":1,"1":1,"2":1,"3":1,"4":1,"5":1,"6":3,"7":3,"8":3,"9":0,"10":0,"11":1,"12":1},"f":{"0":1,"1":3},"b":{"0":[3,0]}}
,"D:\\my-projects\\node-express-api\\src\\errors\\http-error.ts": {"path":"D:\\my-projects\\node-express-api\\src\\errors\\http-error.ts","statementMap":{"0":{"start":{"line":6,"column":2},"end":{"line":6,"column":17}},"1":{"start":{"line":7,"column":2},"end":{"line":7,"column":31}},"2":{"start":{"line":8,"column":2},"end":{"line":8,"column":25}},"3":{"start":{"line":9,"column":2},"end":{"line":9,"column":25}},"4":{"start":{"line":1,"column":0},"end":{"line":1,"column":13}}},"fnMap":{"0":{"name":"(anonymous_0)","decl":{"start":{"line":5,"column":1},"end":{"line":5,"column":13}},"loc":{"start":{"line":5,"column":66},"end":{"line":10,"column":2}}}},"branchMap":{},"s":{"0":3,"1":3,"2":3,"3":3,"4":1},"f":{"0":3},"b":{}}
,"D:\\my-projects\\node-express-api\\src\\logger\\logger.service.ts": {"path":"D:\\my-projects\\node-express-api\\src\\logger\\logger.service.ts","statementMap":{"0":{"start":{"line":2,"column":0},"end":{"line":2,"column":31}},"1":{"start":{"line":3,"column":0},"end":{"line":3,"column":39}},"2":{"start":{"line":4,"column":0},"end":{"line":4,"column":26}},"3":{"start":{"line":7,"column":0},"end":{"line":30,"column":null}},"4":{"start":{"line":11,"column":2},"end":{"line":16,"column":5}},"5":{"start":{"line":20,"column":2},"end":{"line":20,"column":28}},"6":{"start":{"line":24,"column":2},"end":{"line":24,"column":29}},"7":{"start":{"line":28,"column":2},"end":{"line":28,"column":28}},"8":{"start":{"line":7,"column":13},"end":{"line":30,"column":null}},"9":{"start":{"line":7,"column":13},"end":{"line":7,"column":26}}},"fnMap":{"0":{"name":"(anonymous_2)","decl":{"start":{"line":10,"column":1},"end":{"line":10,"column":null}},"loc":{"start":{"line":10,"column":1},"end":{"line":17,"column":2}}},"1":{"name":"(anonymous_3)","decl":{"start":{"line":19,"column":1},"end":{"line":19,"column":4}},"loc":{"start":{"line":19,"column":23},"end":{"line":21,"column":2}}},"2":{"name":"(anonymous_4)","decl":{"start":{"line":23,"column":1},"end":{"line":23,"column":6}},"loc":{"start":{"line":23,"column":25},"end":{"line":25,"column":2}}},"3":{"name":"(anonymous_5)","decl":{"start":{"line":27,"column":1},"end":{"line":27,"column":5}},"loc":{"start":{"line":27,"column":24},"end":{"line":29,"column":2}}}},"branchMap":{},"s":{"0":1,"1":1,"2":1,"3":1,"4":1,"5":6,"6":3,"7":0,"8":1,"9":1},"f":{"0":1,"1":6,"2":3,"3":0},"b":{}}
,"D:\\my-projects\\node-express-api\\src\\users\\user.entity.ts": {"path":"D:\\my-projects\\node-express-api\\src\\users\\user.entity.ts","statementMap":{"0":{"start":{"line":1,"column":0},"end":{"line":1,"column":41}},"1":{"start":{"line":7,"column":19},"end":{"line":7,"column":33}},"2":{"start":{"line":8,"column":19},"end":{"line":8,"column":32}},"3":{"start":{"line":11,"column":2},"end":{"line":13,"column":null}},"4":{"start":{"line":12,"column":3},"end":{"line":12,"column":33}},"5":{"start":{"line":17,"column":2},"end":{"line":17,"column":21}},"6":{"start":{"line":21,"column":2},"end":{"line":21,"column":20}},"7":{"start":{"line":25,"column":2},"end":{"line":25,"column":24}},"8":{"start":{"line":29,"column":2},"end":{"line":29,"column":42}},"9":{"start":{"line":33,"column":2},"end":{"line":33,"column":45}},"10":{"start":{"line":3,"column":0},"end":{"line":3,"column":13}}},"fnMap":{"0":{"name":"(anonymous_7)","decl":{"start":{"line":6,"column":1},"end":{"line":6,"column":null}},"loc":{"start":{"line":9,"column":23},"end":{"line":14,"column":2}}},"1":{"name":"(anonymous_8)","decl":{"start":{"line":16,"column":1},"end":{"line":16,"column":5}},"loc":{"start":{"line":16,"column":10},"end":{"line":18,"column":2}}},"2":{"name":"(anonymous_9)","decl":{"start":{"line":20,"column":1},"end":{"line":20,"column":5}},"loc":{"start":{"line":20,"column":9},"end":{"line":22,"column":2}}},"3":{"name":"(anonymous_10)","decl":{"start":{"line":24,"column":1},"end":{"line":24,"column":5}},"loc":{"start":{"line":24,"column":13},"end":{"line":26,"column":2}}},"4":{"name":"(anonymous_11)","decl":{"start":{"line":28,"column":14},"end":{"line":28,"column":25}},"loc":{"start":{"line":28,"column":52},"end":{"line":30,"column":null}}},"5":{"name":"(anonymous_13)","decl":{"start":{"line":32,"column":14},"end":{"line":32,"column":29}},"loc":{"start":{"line":32,"column":42},"end":{"line":34,"column":null}}}},"branchMap":{"0":{"loc":{"start":{"line":11,"column":2},"end":{"line":13,"column":null}},"type":"if","locations":[{"start":{"line":11,"column":2},"end":{"line":13,"column":null}}]}},"s":{"0":1,"1":3,"2":3,"3":3,"4":3,"5":0,"6":0,"7":0,"8":0,"9":3,"10":1},"f":{"0":3,"1":0,"2":0,"3":0,"4":0,"5":3},"b":{"0":[3]}}
,"D:\\my-projects\\node-express-api\\src\\users\\users.controller.ts": {"path":"D:\\my-projects\\node-express-api\\src\\users\\users.controller.ts","statementMap":{"0":{"start":{"line":1,"column":0},"end":{"line":1,"column":51}},"1":{"start":{"line":2,"column":0},"end":{"line":2,"column":69}},"2":{"start":{"line":3,"column":0},"end":{"line":3,"column":59}},"3":{"start":{"line":5,"column":0},"end":{"line":5,"column":49}},"4":{"start":{"line":6,"column":0},"end":{"line":6,"column":47}},"5":{"start":{"line":8,"column":0},"end":{"line":8,"column":33}},"6":{"start":{"line":9,"column":0},"end":{"line":9,"column":26}},"7":{"start":{"line":11,"column":0},"end":{"line":11,"column":52}},"8":{"start":{"line":12,"column":0},"end":{"line":12,"column":58}},"9":{"start":{"line":13,"column":0},"end":{"line":13,"column":36}},"10":{"start":{"line":18,"column":0},"end":{"line":97,"column":null}},"11":{"start":{"line":24,"column":2},"end":{"line":24,"column":23}},"12":{"start":{"line":20,"column":33},"end":{"line":20,"column":55}},"13":{"start":{"line":21,"column":37},"end":{"line":21,"column":62}},"14":{"start":{"line":22,"column":39},"end":{"line":22,"column":68}},"15":{"start":{"line":25,"column":2},"end":{"line":44,"column":5}},"16":{"start":{"line":52,"column":17},"end":{"line":52,"column":62}},"17":{"start":{"line":53,"column":2},"end":{"line":55,"column":null}},"18":{"start":{"line":54,"column":3},"end":{"line":54,"column":66}},"19":{"start":{"line":56,"column":14},"end":{"line":56,"column":82}},"20":{"start":{"line":57,"column":2},"end":{"line":57,"column":24}},"21":{"start":{"line":65,"column":17},"end":{"line":65,"column":56}},"22":{"start":{"line":66,"column":2},"end":{"line":68,"column":null}},"23":{"start":{"line":67,"column":3},"end":{"line":67,"column":72}},"24":{"start":{"line":69,"column":2},"end":{"line":69,"column":55}},"25":{"start":{"line":73,"column":19},"end":{"line":73,"column":59}},"26":{"start":{"line":74,"column":2},"end":{"line":74,"column":61}},"27":{"start":{"line":78,"column":2},"end":{"line":95,"column":5}},"28":{"start":{"line":79,"column":3},"end":{"line":94,"column":5}},"29":{"start":{"line":89,"column":5},"end":{"line":91,"column":null}},"30":{"start":{"line":90,"column":6},"end":{"line":90,"column":18}},"31":{"start":{"line":92,"column":5},"end":{"line":92,"column":30}},"32":{"start":{"line":18,"column":13},"end":{"line":97,"column":null}},"33":{"start":{"line":18,"column":13},"end":{"line":18,"column":27}}},"fnMap":{"0":{"name":"(anonymous_11)","decl":{"start":{"line":19,"column":1},"end":{"line":19,"column":null}},"loc":{"start":{"line":22,"column":68},"end":{"line":45,"column":2}}},"1":{"name":"(anonymous_12)","decl":{"start":{"line":47,"column":7},"end":{"line":47,"column":12}},"loc":{"start":{"line":50,"column":20},"end":{"line":58,"column":null}}},"2":{"name":"(anonymous_14)","decl":{"start":{"line":60,"column":7},"end":{"line":60,"column":15}},"loc":{"start":{"line":63,"column":20},"end":{"line":70,"column":null}}},"3":{"name":"(anonymous_16)","decl":{"start":{"line":72,"column":7},"end":{"line":72,"column":11}},"loc":{"start":{"line":72,"column":64},"end":{"line":75,"column":null}}},"4":{"name":"(anonymous_18)","decl":{"start":{"line":77,"column":9},"end":{"line":77,"column":16}},"loc":{"start":{"line":77,"column":46},"end":{"line":96,"column":2}}},"5":{"name":"(anonymous_19)","decl":{"start":{"line":78,"column":29},"end":{"line":78,"column":30}},"loc":{"start":{"line":78,"column":49},"end":{"line":95,"column":3}}},"6":{"name":"(anonymous_20)","decl":{"start":{"line":88,"column":4},"end":{"line":88,"column":5}},"loc":{"start":{"line":88,"column":19},"end":{"line":93,"column":5}}}},"branchMap":{"0":{"loc":{"start":{"line":53,"column":2},"end":{"line":55,"column":null}},"type":"if","locations":[{"start":{"line":53,"column":2},"end":{"line":55,"column":null}}]},"1":{"loc":{"start":{"line":66,"column":2},"end":{"line":68,"column":null}},"type":"if","locations":[{"start":{"line":66,"column":2},"end":{"line":68,"column":null}}]},"2":{"loc":{"start":{"line":74,"column":24},"end":{"line":74,"column":39}},"type":"cond-expr","locations":[{"start":{"line":74,"column":32},"end":{"line":74,"column":34}},{"start":{"line":74,"column":24},"end":{"line":74,"column":39}}]},"3":{"loc":{"start":{"line":74,"column":24},"end":{"line":74,"column":34}},"type":"binary-expr","locations":[{"start":{"line":74,"column":24},"end":{"line":74,"column":34}},{"start":{"line":74,"column":24},"end":{"line":74,"column":34}}]},"4":{"loc":{"start":{"line":74,"column":45},"end":{"line":74,"column":57}},"type":"cond-expr","locations":[{"start":{"line":74,"column":53},"end":{"line":74,"column":55}},{"start":{"line":74,"column":45},"end":{"line":74,"column":57}}]},"5":{"loc":{"start":{"line":74,"column":45},"end":{"line":74,"column":55}},"type":"binary-expr","locations":[{"start":{"line":74,"column":45},"end":{"line":74,"column":55}},{"start":{"line":74,"column":45},"end":{"line":74,"column":55}}]},"6":{"loc":{"start":{"line":89,"column":5},"end":{"line":91,"column":null}},"type":"if","locations":[{"start":{"line":89,"column":5},"end":{"line":91,"column":null}}]}},"s":{"0":1,"1":1,"2":1,"3":1,"4":1,"5":1,"6":1,"7":1,"8":1,"9":1,"10":1,"11":1,"12":1,"13":1,"14":1,"15":1,"16":3,"17":3,"18":3,"19":0,"20":0,"21":0,"22":0,"23":0,"24":0,"25":0,"26":0,"27":0,"28":0,"29":0,"30":0,"31":0,"32":1,"33":1},"f":{"0":1,"1":3,"2":0,"3":0,"4":0,"5":0,"6":0},"b":{"0":[3],"1":[0],"2":[0,0],"3":[0,0],"4":[0,0],"5":[0,0],"6":[0]}}
,"D:\\my-projects\\node-express-api\\src\\users\\users.repository.ts": {"path":"D:\\my-projects\\node-express-api\\src\\users\\users.repository.ts","statementMap":{"0":{"start":{"line":1,"column":0},"end":{"line":1,"column":68}},"1":{"start":{"line":3,"column":0},"end":{"line":3,"column":47}},"2":{"start":{"line":4,"column":0},"end":{"line":4,"column":33}},"3":{"start":{"line":9,"column":0},"end":{"line":28,"column":null}},"4":{"start":{"line":10,"column":50},"end":{"line":10,"column":65}},"5":{"start":{"line":12,"column":2},"end":{"line":18,"column":5}},"6":{"start":{"line":22,"column":2},"end":{"line":26,"column":5}},"7":{"start":{"line":9,"column":13},"end":{"line":28,"column":null}},"8":{"start":{"line":9,"column":13},"end":{"line":9,"column":28}}},"fnMap":{"0":{"name":"(anonymous_11)","decl":{"start":{"line":10,"column":1},"end":{"line":10,"column":14}},"loc":{"start":{"line":10,"column":78},"end":{"line":10,"column":82}}},"1":{"name":"(anonymous_12)","decl":{"start":{"line":11,"column":7},"end":{"line":11,"column":13}},"loc":{"start":{"line":11,"column":45},"end":{"line":19,"column":null}}},"2":{"name":"(anonymous_14)","decl":{"start":{"line":21,"column":7},"end":{"line":21,"column":11}},"loc":{"start":{"line":21,"column":25},"end":{"line":27,"column":null}}}},"branchMap":{},"s":{"0":1,"1":1,"2":1,"3":1,"4":1,"5":0,"6":3,"7":1,"8":1},"f":{"0":1,"1":0,"2":3},"b":{}}
,"D:\\my-projects\\node-express-api\\src\\users\\users.service.ts": {"path":"D:\\my-projects\\node-express-api\\src\\users\\users.service.ts","statementMap":{"0":{"start":{"line":2,"column":0},"end":{"line":2,"column":47}},"1":{"start":{"line":5,"column":0},"end":{"line":5,"column":37}},"2":{"start":{"line":8,"column":0},"end":{"line":8,"column":33}},"3":{"start":{"line":9,"column":0},"end":{"line":9,"column":53}},"4":{"start":{"line":12,"column":0},"end":{"line":40,"column":null}},"5":{"start":{"line":14,"column":39},"end":{"line":14,"column":68}},"6":{"start":{"line":15,"column":41},"end":{"line":15,"column":58}},"7":{"start":{"line":18,"column":18},"end":{"line":18,"column":39}},"8":{"start":{"line":19,"column":15},"end":{"line":19,"column":45}},"9":{"start":{"line":20,"column":2},"end":{"line":20,"column":52}},"10":{"start":{"line":21,"column":22},"end":{"line":21,"column":60}},"11":{"start":{"line":22,"column":2},"end":{"line":24,"column":null}},"12":{"start":{"line":23,"column":3},"end":{"line":23,"column":15}},"13":{"start":{"line":25,"column":2},"end":{"line":25,"column":46}},"14":{"start":{"line":29,"column":22},"end":{"line":29,"column":60}},"15":{"start":{"line":30,"column":2},"end":{"line":32,"column":null}},"16":{"start":{"line":31,"column":3},"end":{"line":31,"column":16}},"17":{"start":{"line":33,"column":18},"end":{"line":33,"column":85}},"18":{"start":{"line":34,"column":2},"end":{"line":34,"column":43}},"19":{"start":{"line":38,"column":2},"end":{"line":38,"column":42}},"20":{"start":{"line":12,"column":13},"end":{"line":40,"column":null}},"21":{"start":{"line":12,"column":13},"end":{"line":12,"column":24}}},"fnMap":{"0":{"name":"(anonymous_11)","decl":{"start":{"line":13,"column":1},"end":{"line":13,"column":null}},"loc":{"start":{"line":15,"column":73},"end":{"line":16,"column":5}}},"1":{"name":"(anonymous_12)","decl":{"start":{"line":17,"column":7},"end":{"line":17,"column":17}},"loc":{"start":{"line":17,"column":60},"end":{"line":26,"column":null}}},"2":{"name":"(anonymous_14)","decl":{"start":{"line":28,"column":7},"end":{"line":28,"column":19}},"loc":{"start":{"line":28,"column":53},"end":{"line":35,"column":null}}},"3":{"name":"(anonymous_16)","decl":{"start":{"line":37,"column":7},"end":{"line":37,"column":18}},"loc":{"start":{"line":37,"column":32},"end":{"line":39,"column":null}}}},"branchMap":{"0":{"loc":{"start":{"line":22,"column":2},"end":{"line":24,"column":null}},"type":"if","locations":[{"start":{"line":22,"column":2},"end":{"line":24,"column":null}}]},"1":{"loc":{"start":{"line":30,"column":2},"end":{"line":32,"column":null}},"type":"if","locations":[{"start":{"line":30,"column":2},"end":{"line":32,"column":null}}]}},"s":{"0":1,"1":1,"2":1,"3":1,"4":1,"5":1,"6":1,"7":0,"8":0,"9":0,"10":0,"11":0,"12":0,"13":0,"14":3,"15":3,"16":0,"17":3,"18":3,"19":0,"20":1,"21":1},"f":{"0":1,"1":0,"2":3,"3":0},"b":{"0":[0],"1":[0]}}
,"D:\\my-projects\\node-express-api\\src\\users\\dto\\user-login.dto.ts": {"path":"D:\\my-projects\\node-express-api\\src\\users\\dto\\user-login.dto.ts","statementMap":{"0":{"start":{"line":1,"column":0},"end":{"line":1,"column":52}},"1":{"start":{"line":5,"column":1},"end":{"line":5,"column":null}},"2":{"start":{"line":8,"column":1},"end":{"line":8,"column":null}},"3":{"start":{"line":3,"column":0},"end":{"line":3,"column":13}}},"fnMap":{},"branchMap":{},"s":{"0":1,"1":1,"2":1,"3":1},"f":{},"b":{}}
,"D:\\my-projects\\node-express-api\\src\\users\\dto\\user-register.dto.ts": {"path":"D:\\my-projects\\node-express-api\\src\\users\\dto\\user-register.dto.ts","statementMap":{"0":{"start":{"line":1,"column":0},"end":{"line":1,"column":52}},"1":{"start":{"line":5,"column":1},"end":{"line":5,"column":null}},"2":{"start":{"line":8,"column":1},"end":{"line":8,"column":null}},"3":{"start":{"line":11,"column":1},"end":{"line":11,"column":null}},"4":{"start":{"line":3,"column":0},"end":{"line":3,"column":13}}},"fnMap":{},"branchMap":{},"s":{"0":1,"1":1,"2":1,"3":1,"4":1},"f":{},"b":{}}
}
